[2021-09-06 00:37:42,273] INFO Kafka Connect stopping (org.apache.kafka.connect.runtime.Connect:67)
[2021-09-06 00:37:42,298] INFO Stopping REST server (org.apache.kafka.connect.runtime.rest.RestServer:327)
[2021-09-06 00:37:42,345] INFO Stopped http_8083@6ecdbab8{HTTP/1.1, (http/1.1)}{0.0.0.0:8083} (org.eclipse.jetty.server.AbstractConnector:381)
[2021-09-06 00:37:42,349] INFO node0 Stopped scavenging (org.eclipse.jetty.server.session:149)
[2021-09-06 00:37:42,357] INFO REST server stopped (org.apache.kafka.connect.runtime.rest.RestServer:344)
[2021-09-06 00:37:42,358] INFO [Worker clientId=connect-1, groupId=connect-cluster] Herder stopping (org.apache.kafka.connect.runtime.distributed.DistributedHerder:682)
[2021-09-06 00:37:42,361] INFO [Worker clientId=connect-1, groupId=connect-cluster] Stopping connectors and tasks that are still assigned to this worker. (org.apache.kafka.connect.runtime.distributed.DistributedHerder:656)
[2021-09-06 00:37:42,364] INFO [Worker clientId=connect-1, groupId=connect-cluster] Member connect-1-50bc2b17-0f5f-458f-987a-cc80dd30cb7a sending LeaveGroup request to coordinator localhost:9092 (id: 2147483647 rack: null) due to the consumer is being closed (org.apache.kafka.clients.consumer.internals.AbstractCoordinator:1029)
[2021-09-06 00:37:42,369] WARN [Worker clientId=connect-1, groupId=connect-cluster] Close timed out with 1 pending requests to coordinator, terminating client connections (org.apache.kafka.clients.consumer.internals.AbstractCoordinator:1010)
[2021-09-06 00:37:42,370] INFO Metrics scheduler closed (org.apache.kafka.common.metrics.Metrics:668)
[2021-09-06 00:37:42,370] INFO Closing reporter org.apache.kafka.common.metrics.JmxReporter (org.apache.kafka.common.metrics.Metrics:672)
[2021-09-06 00:37:42,376] INFO Metrics reporters closed (org.apache.kafka.common.metrics.Metrics:678)
[2021-09-06 00:37:42,403] INFO App info kafka.connect for connect-1 unregistered (org.apache.kafka.common.utils.AppInfoParser:83)
[2021-09-06 00:37:42,404] INFO Stopping KafkaBasedLog for topic connect-status (org.apache.kafka.connect.util.KafkaBasedLog:170)
[2021-09-06 00:37:42,406] INFO [Producer clientId=producer-2] Closing the Kafka producer with timeoutMillis = 9223372036854775807 ms. (org.apache.kafka.clients.producer.KafkaProducer:1205)
[2021-09-06 00:37:42,413] INFO Metrics scheduler closed (org.apache.kafka.common.metrics.Metrics:668)
[2021-09-06 00:37:42,414] INFO Closing reporter org.apache.kafka.common.metrics.JmxReporter (org.apache.kafka.common.metrics.Metrics:672)
[2021-09-06 00:37:42,414] INFO Metrics reporters closed (org.apache.kafka.common.metrics.Metrics:678)
[2021-09-06 00:37:42,415] INFO App info kafka.producer for producer-2 unregistered (org.apache.kafka.common.utils.AppInfoParser:83)
[2021-09-06 00:37:42,424] INFO Metrics scheduler closed (org.apache.kafka.common.metrics.Metrics:668)
[2021-09-06 00:37:42,424] INFO Closing reporter org.apache.kafka.common.metrics.JmxReporter (org.apache.kafka.common.metrics.Metrics:672)
[2021-09-06 00:37:42,425] INFO Metrics reporters closed (org.apache.kafka.common.metrics.Metrics:678)
[2021-09-06 00:37:42,427] INFO App info kafka.consumer for consumer-connect-cluster-2 unregistered (org.apache.kafka.common.utils.AppInfoParser:83)
[2021-09-06 00:37:42,428] INFO Stopped KafkaBasedLog for topic connect-status (org.apache.kafka.connect.util.KafkaBasedLog:196)
[2021-09-06 00:37:42,428] INFO Closing KafkaConfigBackingStore (org.apache.kafka.connect.storage.KafkaConfigBackingStore:285)
[2021-09-06 00:37:42,429] INFO Stopping KafkaBasedLog for topic connect-configs (org.apache.kafka.connect.util.KafkaBasedLog:170)
[2021-09-06 00:37:42,430] INFO [Producer clientId=producer-3] Closing the Kafka producer with timeoutMillis = 9223372036854775807 ms. (org.apache.kafka.clients.producer.KafkaProducer:1205)
[2021-09-06 00:37:42,435] INFO Metrics scheduler closed (org.apache.kafka.common.metrics.Metrics:668)
[2021-09-06 00:37:42,435] INFO Closing reporter org.apache.kafka.common.metrics.JmxReporter (org.apache.kafka.common.metrics.Metrics:672)
[2021-09-06 00:37:42,436] INFO Metrics reporters closed (org.apache.kafka.common.metrics.Metrics:678)
[2021-09-06 00:37:42,436] INFO App info kafka.producer for producer-3 unregistered (org.apache.kafka.common.utils.AppInfoParser:83)
[2021-09-06 00:37:42,438] INFO Metrics scheduler closed (org.apache.kafka.common.metrics.Metrics:668)
[2021-09-06 00:37:42,439] INFO Closing reporter org.apache.kafka.common.metrics.JmxReporter (org.apache.kafka.common.metrics.Metrics:672)
[2021-09-06 00:37:42,439] INFO Metrics reporters closed (org.apache.kafka.common.metrics.Metrics:678)
[2021-09-06 00:37:42,440] INFO App info kafka.consumer for consumer-connect-cluster-3 unregistered (org.apache.kafka.common.utils.AppInfoParser:83)
[2021-09-06 00:37:42,441] INFO Stopped KafkaBasedLog for topic connect-configs (org.apache.kafka.connect.util.KafkaBasedLog:196)
[2021-09-06 00:37:42,441] INFO Closed KafkaConfigBackingStore (org.apache.kafka.connect.storage.KafkaConfigBackingStore:287)
[2021-09-06 00:37:42,441] INFO Worker stopping (org.apache.kafka.connect.runtime.Worker:209)
[2021-09-06 00:37:42,443] INFO Stopping KafkaOffsetBackingStore (org.apache.kafka.connect.storage.KafkaOffsetBackingStore:134)
[2021-09-06 00:37:42,443] INFO Stopping KafkaBasedLog for topic connect-offsets (org.apache.kafka.connect.util.KafkaBasedLog:170)
[2021-09-06 00:37:42,446] INFO [Producer clientId=producer-1] Closing the Kafka producer with timeoutMillis = 9223372036854775807 ms. (org.apache.kafka.clients.producer.KafkaProducer:1205)
[2021-09-06 00:37:42,448] INFO Metrics scheduler closed (org.apache.kafka.common.metrics.Metrics:668)
[2021-09-06 00:37:42,448] INFO Closing reporter org.apache.kafka.common.metrics.JmxReporter (org.apache.kafka.common.metrics.Metrics:672)
[2021-09-06 00:37:42,449] INFO Metrics reporters closed (org.apache.kafka.common.metrics.Metrics:678)
[2021-09-06 00:37:42,452] INFO App info kafka.producer for producer-1 unregistered (org.apache.kafka.common.utils.AppInfoParser:83)
[2021-09-06 00:37:42,454] INFO Metrics scheduler closed (org.apache.kafka.common.metrics.Metrics:668)
[2021-09-06 00:37:42,454] INFO Closing reporter org.apache.kafka.common.metrics.JmxReporter (org.apache.kafka.common.metrics.Metrics:672)
[2021-09-06 00:37:42,455] INFO Metrics reporters closed (org.apache.kafka.common.metrics.Metrics:678)
[2021-09-06 00:37:42,460] INFO App info kafka.consumer for consumer-connect-cluster-1 unregistered (org.apache.kafka.common.utils.AppInfoParser:83)
[2021-09-06 00:37:42,461] INFO Stopped KafkaBasedLog for topic connect-offsets (org.apache.kafka.connect.util.KafkaBasedLog:196)
[2021-09-06 00:37:42,461] INFO Stopped KafkaOffsetBackingStore (org.apache.kafka.connect.storage.KafkaOffsetBackingStore:136)
[2021-09-06 00:37:42,462] INFO Metrics scheduler closed (org.apache.kafka.common.metrics.Metrics:668)
[2021-09-06 00:37:42,462] INFO Closing reporter org.apache.kafka.common.metrics.JmxReporter (org.apache.kafka.common.metrics.Metrics:672)
[2021-09-06 00:37:42,463] INFO Metrics reporters closed (org.apache.kafka.common.metrics.Metrics:678)
[2021-09-06 00:37:42,464] INFO App info kafka.connect for 127.0.0.1:8083 unregistered (org.apache.kafka.common.utils.AppInfoParser:83)
[2021-09-06 00:37:42,464] INFO Worker stopped (org.apache.kafka.connect.runtime.Worker:230)
[2021-09-06 00:37:42,473] INFO [Worker clientId=connect-1, groupId=connect-cluster] Herder stopped (org.apache.kafka.connect.runtime.distributed.DistributedHerder:300)
[2021-09-06 00:37:42,477] INFO [Worker clientId=connect-1, groupId=connect-cluster] Herder stopped (org.apache.kafka.connect.runtime.distributed.DistributedHerder:702)
[2021-09-06 00:37:42,477] INFO Kafka Connect stopped (org.apache.kafka.connect.runtime.Connect:72)
