[2021-09-06 00:37:42,375] INFO [GroupCoordinator 0]: Member[group.instance.id None, member.id connect-1-50bc2b17-0f5f-458f-987a-cc80dd30cb7a] in group connect-cluster has left, removing it from the group (kafka.coordinator.group.GroupCoordinator)
[2021-09-06 00:37:42,387] INFO [GroupCoordinator 0]: Preparing to rebalance group connect-cluster in state PreparingRebalance with old generation 1 (__consumer_offsets-13) (reason: removing member connect-1-50bc2b17-0f5f-458f-987a-cc80dd30cb7a on LeaveGroup) (kafka.coordinator.group.GroupCoordinator)
[2021-09-06 00:37:42,394] INFO [GroupCoordinator 0]: Group connect-cluster with generation 2 is now empty (__consumer_offsets-13) (kafka.coordinator.group.GroupCoordinator)
[2021-09-06 00:37:44,808] INFO Terminating process due to signal SIGINT (org.apache.kafka.common.utils.LoggingSignalHandler)
[2021-09-06 00:37:44,843] INFO [KafkaServer id=0] shutting down (kafka.server.KafkaServer)
[2021-09-06 00:37:44,850] INFO [KafkaServer id=0] Starting controlled shutdown (kafka.server.KafkaServer)
[2021-09-06 00:37:44,991] INFO [KafkaServer id=0] Controlled shutdown succeeded (kafka.server.KafkaServer)
[2021-09-06 00:37:45,004] INFO [/config/changes-event-process-thread]: Shutting down (kafka.common.ZkNodeChangeNotificationListener$ChangeEventProcessThread)
[2021-09-06 00:37:45,005] INFO [/config/changes-event-process-thread]: Shutdown completed (kafka.common.ZkNodeChangeNotificationListener$ChangeEventProcessThread)
[2021-09-06 00:37:45,005] INFO [/config/changes-event-process-thread]: Stopped (kafka.common.ZkNodeChangeNotificationListener$ChangeEventProcessThread)
[2021-09-06 00:37:45,009] INFO [SocketServer listenerType=ZK_BROKER, nodeId=0] Stopping socket server request processors (kafka.network.SocketServer)
[2021-09-06 00:37:45,028] INFO [SocketServer listenerType=ZK_BROKER, nodeId=0] Stopped socket server request processors (kafka.network.SocketServer)
[2021-09-06 00:37:45,030] INFO [data-plane Kafka Request Handler on Broker 0], shutting down (kafka.server.KafkaRequestHandlerPool)
[2021-09-06 00:37:45,038] INFO [data-plane Kafka Request Handler on Broker 0], shut down completely (kafka.server.KafkaRequestHandlerPool)
[2021-09-06 00:37:45,049] INFO [ExpirationReaper-0-AlterAcls]: Shutting down (kafka.server.DelayedOperationPurgatory$ExpiredOperationReaper)
[2021-09-06 00:37:45,219] INFO [ExpirationReaper-0-AlterAcls]: Stopped (kafka.server.DelayedOperationPurgatory$ExpiredOperationReaper)
[2021-09-06 00:37:45,219] INFO [ExpirationReaper-0-AlterAcls]: Shutdown completed (kafka.server.DelayedOperationPurgatory$ExpiredOperationReaper)
[2021-09-06 00:37:45,220] INFO [KafkaApi-0] Shutdown complete. (kafka.server.KafkaApis)
[2021-09-06 00:37:45,221] INFO [ExpirationReaper-0-topic]: Shutting down (kafka.server.DelayedOperationPurgatory$ExpiredOperationReaper)
[2021-09-06 00:37:45,357] INFO [ExpirationReaper-0-topic]: Stopped (kafka.server.DelayedOperationPurgatory$ExpiredOperationReaper)
[2021-09-06 00:37:45,357] INFO [ExpirationReaper-0-topic]: Shutdown completed (kafka.server.DelayedOperationPurgatory$ExpiredOperationReaper)
[2021-09-06 00:37:45,360] INFO [TransactionCoordinator id=0] Shutting down. (kafka.coordinator.transaction.TransactionCoordinator)
[2021-09-06 00:37:45,363] INFO [ProducerId Manager 0]: Shutdown complete: last producerId assigned 0 (kafka.coordinator.transaction.ProducerIdManager)
[2021-09-06 00:37:45,364] INFO [Transaction State Manager 0]: Shutdown complete (kafka.coordinator.transaction.TransactionStateManager)
[2021-09-06 00:37:45,364] INFO [Transaction Marker Channel Manager 0]: Shutting down (kafka.coordinator.transaction.TransactionMarkerChannelManager)
[2021-09-06 00:37:45,365] INFO [Transaction Marker Channel Manager 0]: Shutdown completed (kafka.coordinator.transaction.TransactionMarkerChannelManager)
[2021-09-06 00:37:45,365] INFO [Transaction Marker Channel Manager 0]: Stopped (kafka.coordinator.transaction.TransactionMarkerChannelManager)
[2021-09-06 00:37:45,367] INFO [TransactionCoordinator id=0] Shutdown complete. (kafka.coordinator.transaction.TransactionCoordinator)
[2021-09-06 00:37:45,367] INFO [GroupCoordinator 0]: Shutting down. (kafka.coordinator.group.GroupCoordinator)
[2021-09-06 00:37:45,368] INFO [ExpirationReaper-0-Heartbeat]: Shutting down (kafka.server.DelayedOperationPurgatory$ExpiredOperationReaper)
[2021-09-06 00:37:45,514] INFO [ExpirationReaper-0-Heartbeat]: Stopped (kafka.server.DelayedOperationPurgatory$ExpiredOperationReaper)
[2021-09-06 00:37:45,514] INFO [ExpirationReaper-0-Heartbeat]: Shutdown completed (kafka.server.DelayedOperationPurgatory$ExpiredOperationReaper)
[2021-09-06 00:37:45,515] INFO [ExpirationReaper-0-Rebalance]: Shutting down (kafka.server.DelayedOperationPurgatory$ExpiredOperationReaper)
[2021-09-06 00:37:45,544] INFO [ExpirationReaper-0-Rebalance]: Stopped (kafka.server.DelayedOperationPurgatory$ExpiredOperationReaper)
[2021-09-06 00:37:45,544] INFO [ExpirationReaper-0-Rebalance]: Shutdown completed (kafka.server.DelayedOperationPurgatory$ExpiredOperationReaper)
[2021-09-06 00:37:45,545] INFO [GroupCoordinator 0]: Shutdown complete. (kafka.coordinator.group.GroupCoordinator)
[2021-09-06 00:37:45,547] INFO [ReplicaManager broker=0] Shutting down (kafka.server.ReplicaManager)
[2021-09-06 00:37:45,548] INFO [LogDirFailureHandler]: Shutting down (kafka.server.ReplicaManager$LogDirFailureHandler)
[2021-09-06 00:37:45,548] INFO [LogDirFailureHandler]: Shutdown completed (kafka.server.ReplicaManager$LogDirFailureHandler)
[2021-09-06 00:37:45,548] INFO [LogDirFailureHandler]: Stopped (kafka.server.ReplicaManager$LogDirFailureHandler)
[2021-09-06 00:37:45,551] INFO [ReplicaFetcherManager on broker 0] shutting down (kafka.server.ReplicaFetcherManager)
[2021-09-06 00:37:45,553] INFO [ReplicaFetcherManager on broker 0] shutdown completed (kafka.server.ReplicaFetcherManager)
[2021-09-06 00:37:45,553] INFO [ReplicaAlterLogDirsManager on broker 0] shutting down (kafka.server.ReplicaAlterLogDirsManager)
[2021-09-06 00:37:45,553] INFO [ReplicaAlterLogDirsManager on broker 0] shutdown completed (kafka.server.ReplicaAlterLogDirsManager)
[2021-09-06 00:37:45,553] INFO [ExpirationReaper-0-Fetch]: Shutting down (kafka.server.DelayedOperationPurgatory$ExpiredOperationReaper)
[2021-09-06 00:37:45,567] INFO [ExpirationReaper-0-Fetch]: Stopped (kafka.server.DelayedOperationPurgatory$ExpiredOperationReaper)
[2021-09-06 00:37:45,567] INFO [ExpirationReaper-0-Fetch]: Shutdown completed (kafka.server.DelayedOperationPurgatory$ExpiredOperationReaper)
[2021-09-06 00:37:45,567] INFO [ExpirationReaper-0-Produce]: Shutting down (kafka.server.DelayedOperationPurgatory$ExpiredOperationReaper)
[2021-09-06 00:37:45,628] INFO [ExpirationReaper-0-Produce]: Stopped (kafka.server.DelayedOperationPurgatory$ExpiredOperationReaper)
[2021-09-06 00:37:45,628] INFO [ExpirationReaper-0-Produce]: Shutdown completed (kafka.server.DelayedOperationPurgatory$ExpiredOperationReaper)
[2021-09-06 00:37:45,629] INFO [ExpirationReaper-0-DeleteRecords]: Shutting down (kafka.server.DelayedOperationPurgatory$ExpiredOperationReaper)
[2021-09-06 00:37:45,761] INFO [ExpirationReaper-0-DeleteRecords]: Stopped (kafka.server.DelayedOperationPurgatory$ExpiredOperationReaper)
[2021-09-06 00:37:45,762] INFO [ExpirationReaper-0-DeleteRecords]: Shutdown completed (kafka.server.DelayedOperationPurgatory$ExpiredOperationReaper)
[2021-09-06 00:37:45,764] INFO [ExpirationReaper-0-ElectLeader]: Shutting down (kafka.server.DelayedOperationPurgatory$ExpiredOperationReaper)
[2021-09-06 00:37:45,916] INFO [ExpirationReaper-0-ElectLeader]: Stopped (kafka.server.DelayedOperationPurgatory$ExpiredOperationReaper)
[2021-09-06 00:37:45,916] INFO [ExpirationReaper-0-ElectLeader]: Shutdown completed (kafka.server.DelayedOperationPurgatory$ExpiredOperationReaper)
[2021-09-06 00:37:45,922] INFO [ReplicaManager broker=0] Shut down completely (kafka.server.ReplicaManager)
[2021-09-06 00:37:45,923] INFO [broker-0-to-controller-send-thread]: Shutting down (kafka.server.BrokerToControllerRequestThread)
[2021-09-06 00:37:45,923] INFO [broker-0-to-controller-send-thread]: Shutdown completed (kafka.server.BrokerToControllerRequestThread)
[2021-09-06 00:37:45,923] INFO [broker-0-to-controller-send-thread]: Stopped (kafka.server.BrokerToControllerRequestThread)
[2021-09-06 00:37:45,926] INFO Broker to controller channel manager for alterIsrChannel shutdown (kafka.server.BrokerToControllerChannelManagerImpl)
[2021-09-06 00:37:45,927] INFO Shutting down. (kafka.log.LogManager)
[2021-09-06 00:37:46,480] INFO [ProducerStateManager partition=__consumer_offsets-20] Writing producer snapshot at offset 4 (kafka.log.ProducerStateManager)
[2021-09-06 00:37:46,637] INFO [ProducerStateManager partition=connect-configs-0] Writing producer snapshot at offset 3 (kafka.log.ProducerStateManager)
[2021-09-06 00:37:46,945] INFO [ProducerStateManager partition=__consumer_offsets-13] Writing producer snapshot at offset 2 (kafka.log.ProducerStateManager)
[2021-09-06 00:37:47,741] INFO Shutdown complete. (kafka.log.LogManager)
[2021-09-06 00:37:47,764] INFO [feature-zk-node-event-process-thread]: Shutting down (kafka.server.FinalizedFeatureChangeListener$ChangeNotificationProcessorThread)
[2021-09-06 00:37:47,765] INFO [feature-zk-node-event-process-thread]: Shutdown completed (kafka.server.FinalizedFeatureChangeListener$ChangeNotificationProcessorThread)
[2021-09-06 00:37:47,765] INFO [feature-zk-node-event-process-thread]: Stopped (kafka.server.FinalizedFeatureChangeListener$ChangeNotificationProcessorThread)
[2021-09-06 00:37:47,768] INFO [ZooKeeperClient Kafka server] Closing. (kafka.zookeeper.ZooKeeperClient)
[2021-09-06 00:37:47,920] INFO Session: 0x100001aa98f0000 closed (org.apache.zookeeper.ZooKeeper)
[2021-09-06 00:37:47,920] INFO EventThread shut down for session: 0x100001aa98f0000 (org.apache.zookeeper.ClientCnxn)
[2021-09-06 00:37:47,924] INFO [ZooKeeperClient Kafka server] Closed. (kafka.zookeeper.ZooKeeperClient)
[2021-09-06 00:37:47,924] INFO [ThrottledChannelReaper-Fetch]: Shutting down (kafka.server.ClientQuotaManager$ThrottledChannelReaper)
[2021-09-06 00:37:48,474] INFO [ThrottledChannelReaper-Fetch]: Shutdown completed (kafka.server.ClientQuotaManager$ThrottledChannelReaper)
[2021-09-06 00:37:48,474] INFO [ThrottledChannelReaper-Fetch]: Stopped (kafka.server.ClientQuotaManager$ThrottledChannelReaper)
[2021-09-06 00:37:48,475] INFO [ThrottledChannelReaper-Produce]: Shutting down (kafka.server.ClientQuotaManager$ThrottledChannelReaper)
[2021-09-06 00:37:48,476] INFO [ThrottledChannelReaper-Produce]: Stopped (kafka.server.ClientQuotaManager$ThrottledChannelReaper)
[2021-09-06 00:37:48,476] INFO [ThrottledChannelReaper-Produce]: Shutdown completed (kafka.server.ClientQuotaManager$ThrottledChannelReaper)
[2021-09-06 00:37:48,477] INFO [ThrottledChannelReaper-Request]: Shutting down (kafka.server.ClientQuotaManager$ThrottledChannelReaper)
[2021-09-06 00:37:49,199] INFO [ThrottledChannelReaper-Request]: Shutdown completed (kafka.server.ClientQuotaManager$ThrottledChannelReaper)
[2021-09-06 00:37:49,199] INFO [ThrottledChannelReaper-ControllerMutation]: Shutting down (kafka.server.ClientQuotaManager$ThrottledChannelReaper)
[2021-09-06 00:37:49,200] INFO [ThrottledChannelReaper-Request]: Stopped (kafka.server.ClientQuotaManager$ThrottledChannelReaper)
[2021-09-06 00:37:49,488] INFO [ThrottledChannelReaper-ControllerMutation]: Stopped (kafka.server.ClientQuotaManager$ThrottledChannelReaper)
[2021-09-06 00:37:49,488] INFO [ThrottledChannelReaper-ControllerMutation]: Shutdown completed (kafka.server.ClientQuotaManager$ThrottledChannelReaper)
[2021-09-06 00:37:49,490] INFO [SocketServer listenerType=ZK_BROKER, nodeId=0] Shutting down socket server (kafka.network.SocketServer)
[2021-09-06 00:37:49,567] INFO [SocketServer listenerType=ZK_BROKER, nodeId=0] Shutdown completed (kafka.network.SocketServer)
[2021-09-06 00:37:49,568] INFO Metrics scheduler closed (org.apache.kafka.common.metrics.Metrics)
[2021-09-06 00:37:49,568] INFO Closing reporter org.apache.kafka.common.metrics.JmxReporter (org.apache.kafka.common.metrics.Metrics)
[2021-09-06 00:37:49,568] INFO Metrics reporters closed (org.apache.kafka.common.metrics.Metrics)
[2021-09-06 00:37:49,570] INFO Broker and topic stats closed (kafka.server.BrokerTopicStats)
[2021-09-06 00:37:49,572] INFO App info kafka.server for 0 unregistered (org.apache.kafka.common.utils.AppInfoParser)
[2021-09-06 00:37:49,572] INFO [KafkaServer id=0] shut down completed (kafka.server.KafkaServer)
